Analysis & Synthesis report for clocka
Tue Jan 01 03:53:22 2013
Quartus II Version 9.1 Build 222 10/21/2009 SJ Full Version


---------------------
; Table of Contents ;
---------------------
  1. Legal Notice
  2. Analysis & Synthesis Summary
  3. Analysis & Synthesis Settings
  4. Parallel Compilation
  5. Analysis & Synthesis Source Files Read
  6. Analysis & Synthesis Resource Usage Summary
  7. Analysis & Synthesis Resource Utilization by Entity
  8. Source assignments for lpm_add_sub:Add5|addcore:adder
  9. Source assignments for lpm_add_sub:Add5|addcore:adder|addcore:adder[0]
 10. Source assignments for lpm_add_sub:Add3|addcore:adder
 11. Source assignments for lpm_add_sub:Add3|addcore:adder|addcore:adder[0]
 12. Source assignments for lpm_add_sub:Add1|addcore:adder
 13. Source assignments for lpm_add_sub:Add1|addcore:adder|addcore:adder[0]
 14. Source assignments for lpm_add_sub:Add0|addcore:adder
 15. Source assignments for lpm_add_sub:Add0|addcore:adder|addcore:adder[0]
 16. Parameter Settings for User Entity Instance: Top-level Entity: |clocka
 17. Parameter Settings for Inferred Entity Instance: lpm_add_sub:Add5
 18. Parameter Settings for Inferred Entity Instance: lpm_add_sub:Add3
 19. Parameter Settings for Inferred Entity Instance: lpm_add_sub:Add1
 20. Parameter Settings for Inferred Entity Instance: lpm_add_sub:Add0
 21. Analysis & Synthesis Messages
 22. Analysis & Synthesis Suppressed Messages



----------------
; Legal Notice ;
----------------
Copyright (C) 1991-2009 Altera Corporation
Your use of Altera Corporation's design tools, logic functions 
and other software and tools, and its AMPP partner logic 
functions, and any output files from any of the foregoing 
(including device programming or simulation files), and any 
associated documentation or information are expressly subject 
to the terms and conditions of the Altera Program License 
Subscription Agreement, Altera MegaCore Function License 
Agreement, or other applicable license agreement, including, 
without limitation, that your use is for the sole purpose of 
programming logic devices manufactured by Altera and sold by 
Altera or its authorized distributors.  Please refer to the 
applicable agreement for further details.



+------------------------------------------------------------------------+
; Analysis & Synthesis Summary                                           ;
+-----------------------------+------------------------------------------+
; Analysis & Synthesis Status ; Successful - Tue Jan 01 03:53:22 2013    ;
; Quartus II Version          ; 9.1 Build 222 10/21/2009 SJ Full Version ;
; Revision Name               ; clocka                                   ;
; Top-level Entity Name       ; clocka                                   ;
; Family                      ; MAX7000S                                 ;
; Total macrocells            ; 119                                      ;
; Total pins                  ; 35                                       ;
+-----------------------------+------------------------------------------+


+--------------------------------------------------------------------------------------------------------------+
; Analysis & Synthesis Settings                                                                                ;
+----------------------------------------------------------------------------+-----------------+---------------+
; Option                                                                     ; Setting         ; Default Value ;
+----------------------------------------------------------------------------+-----------------+---------------+
; Device                                                                     ; EPM7128SLC84-15 ;               ;
; Top-level entity name                                                      ; clocka          ; clocka        ;
; Family name                                                                ; MAX7000S        ; Stratix II    ;
; Use Generated Physical Constraints File                                    ; Off             ;               ;
; Use smart compilation                                                      ; Off             ; Off           ;
; Enable parallel Assembler and TimeQuest Timing Analyzer during compilation ; On              ; On            ;
; Enable compact report table                                                ; Off             ; Off           ;
; Create Debugging Nodes for IP Cores                                        ; Off             ; Off           ;
; Preserve fewer node names                                                  ; On              ; On            ;
; Disable OpenCore Plus hardware evaluation                                  ; Off             ; Off           ;
; Verilog Version                                                            ; Verilog_2001    ; Verilog_2001  ;
; VHDL Version                                                               ; VHDL_1993       ; VHDL_1993     ;
; State Machine Processing                                                   ; Auto            ; Auto          ;
; Safe State Machine                                                         ; Off             ; Off           ;
; Extract Verilog State Machines                                             ; On              ; On            ;
; Extract VHDL State Machines                                                ; On              ; On            ;
; Ignore Verilog initial constructs                                          ; Off             ; Off           ;
; Iteration limit for constant Verilog loops                                 ; 5000            ; 5000          ;
; Iteration limit for non-constant Verilog loops                             ; 250             ; 250           ;
; Add Pass-Through Logic to Inferred RAMs                                    ; On              ; On            ;
; Parallel Synthesis                                                         ; On              ; On            ;
; NOT Gate Push-Back                                                         ; On              ; On            ;
; Power-Up Don't Care                                                        ; On              ; On            ;
; Remove Duplicate Registers                                                 ; On              ; On            ;
; Ignore CARRY Buffers                                                       ; Off             ; Off           ;
; Ignore CASCADE Buffers                                                     ; Off             ; Off           ;
; Ignore GLOBAL Buffers                                                      ; Off             ; Off           ;
; Ignore ROW GLOBAL Buffers                                                  ; Off             ; Off           ;
; Ignore LCELL Buffers                                                       ; Auto            ; Auto          ;
; Ignore SOFT Buffers                                                        ; Off             ; Off           ;
; Limit AHDL Integers to 32 Bits                                             ; Off             ; Off           ;
; Optimization Technique                                                     ; Speed           ; Speed         ;
; Allow XOR Gate Usage                                                       ; On              ; On            ;
; Auto Logic Cell Insertion                                                  ; On              ; On            ;
; Parallel Expander Chain Length                                             ; 4               ; 4             ;
; Auto Parallel Expanders                                                    ; On              ; On            ;
; Auto Open-Drain Pins                                                       ; On              ; On            ;
; Auto Resource Sharing                                                      ; Off             ; Off           ;
; Maximum Fan-in Per Macrocell                                               ; 100             ; 100           ;
; Use LogicLock Constraints during Resource Balancing                        ; On              ; On            ;
; Ignore translate_off and synthesis_off directives                          ; Off             ; Off           ;
; Show Parameter Settings Tables in Synthesis Report                         ; On              ; On            ;
; HDL message level                                                          ; Level2          ; Level2        ;
; Suppress Register Optimization Related Messages                            ; Off             ; Off           ;
; Number of Removed Registers Reported in Synthesis Report                   ; 100             ; 100           ;
; Number of Inverted Registers Reported in Synthesis Report                  ; 100             ; 100           ;
; Block Design Naming                                                        ; Auto            ; Auto          ;
; Synthesis Effort                                                           ; Auto            ; Auto          ;
; Shift Register Replacement - Allow Asynchronous Clear Signal               ; On              ; On            ;
; Analysis & Synthesis Message Level                                         ; Medium          ; Medium        ;
; Disable Register Merging Across Hierarchies                                ; Auto            ; Auto          ;
+----------------------------------------------------------------------------+-----------------+---------------+


+------------------------------------------+
; Parallel Compilation                     ;
+----------------------------+-------------+
; Processors                 ; Number      ;
+----------------------------+-------------+
; Number detected on machine ; 4           ;
; Maximum allowed            ; 4           ;
;                            ;             ;
; Average used               ; 1.00        ;
; Maximum used               ; 1           ;
;                            ;             ;
; Usage by Processor         ; % Time Used ;
;     1 processor            ; 100.0%      ;
;     2-4 processors         ;   0.0%      ;
+----------------------------+-------------+


+--------------------------------------------------------------------------------------------------------------------------------------------+
; Analysis & Synthesis Source Files Read                                                                                                     ;
+----------------------------------+-----------------+------------------------+--------------------------------------------------------------+
; File Name with User-Entered Path ; Used in Netlist ; File Type              ; File Name with Absolute Path                                 ;
+----------------------------------+-----------------+------------------------+--------------------------------------------------------------+
; clocka.v                         ; yes             ; User Verilog HDL File  ; C:/Users/Administrator/Desktop/clocka/clocka.v               ;
; lpm_add_sub.tdf                  ; yes             ; Megafunction           ; c:/altera/91/quartus/libraries/megafunctions/lpm_add_sub.tdf ;
; addcore.tdf                      ; yes             ; Megafunction           ; c:/altera/91/quartus/libraries/megafunctions/addcore.tdf     ;
; a_csnbuffer.tdf                  ; yes             ; Megafunction           ; c:/altera/91/quartus/libraries/megafunctions/a_csnbuffer.tdf ;
; altshift.tdf                     ; yes             ; Megafunction           ; c:/altera/91/quartus/libraries/megafunctions/altshift.tdf    ;
+----------------------------------+-----------------+------------------------+--------------------------------------------------------------+


+---------------------------------------------+
; Analysis & Synthesis Resource Usage Summary ;
+----------------------+----------------------+
; Resource             ; Usage                ;
+----------------------+----------------------+
; Logic cells          ; 119                  ;
; Total registers      ; 60                   ;
; I/O pins             ; 35                   ;
; Shareable expanders  ; 92                   ;
; Parallel expanders   ; 14                   ;
; Maximum fan-out node ; alarm_switch         ;
; Maximum fan-out      ; 164                  ;
; Total fan-out        ; 1581                 ;
; Average fan-out      ; 6.43                 ;
+----------------------+----------------------+


+-------------------------------------------------------------------------------------+
; Analysis & Synthesis Resource Utilization by Entity                                 ;
+----------------------------+------------+------+---------------------+--------------+
; Compilation Hierarchy Node ; Macrocells ; Pins ; Full Hierarchy Name ; Library Name ;
+----------------------------+------------+------+---------------------+--------------+
; |clocka                    ; 119        ; 35   ; |clocka             ; work         ;
+----------------------------+------------+------+---------------------+--------------+


+-------------------------------------------------------+
; Source assignments for lpm_add_sub:Add5|addcore:adder ;
+---------------------------+-------+------+------------+
; Assignment                ; Value ; From ; To         ;
+---------------------------+-------+------+------------+
; SUPPRESS_DA_RULE_INTERNAL ; A103  ; -    ; -          ;
+---------------------------+-------+------+------------+


+------------------------------------------------------------------------+
; Source assignments for lpm_add_sub:Add5|addcore:adder|addcore:adder[0] ;
+---------------------------+-------+------+-----------------------------+
; Assignment                ; Value ; From ; To                          ;
+---------------------------+-------+------+-----------------------------+
; SUPPRESS_DA_RULE_INTERNAL ; A103  ; -    ; -                           ;
+---------------------------+-------+------+-----------------------------+


+-------------------------------------------------------+
; Source assignments for lpm_add_sub:Add3|addcore:adder ;
+---------------------------+-------+------+------------+
; Assignment                ; Value ; From ; To         ;
+---------------------------+-------+------+------------+
; SUPPRESS_DA_RULE_INTERNAL ; A103  ; -    ; -          ;
+---------------------------+-------+------+------------+


+------------------------------------------------------------------------+
; Source assignments for lpm_add_sub:Add3|addcore:adder|addcore:adder[0] ;
+---------------------------+-------+------+-----------------------------+
; Assignment                ; Value ; From ; To                          ;
+---------------------------+-------+------+-----------------------------+
; SUPPRESS_DA_RULE_INTERNAL ; A103  ; -    ; -                           ;
+---------------------------+-------+------+-----------------------------+


+-------------------------------------------------------+
; Source assignments for lpm_add_sub:Add1|addcore:adder ;
+---------------------------+-------+------+------------+
; Assignment                ; Value ; From ; To         ;
+---------------------------+-------+------+------------+
; SUPPRESS_DA_RULE_INTERNAL ; A103  ; -    ; -          ;
+---------------------------+-------+------+------------+


+------------------------------------------------------------------------+
; Source assignments for lpm_add_sub:Add1|addcore:adder|addcore:adder[0] ;
+---------------------------+-------+------+-----------------------------+
; Assignment                ; Value ; From ; To                          ;
+---------------------------+-------+------+-----------------------------+
; SUPPRESS_DA_RULE_INTERNAL ; A103  ; -    ; -                           ;
+---------------------------+-------+------+-----------------------------+


+-------------------------------------------------------+
; Source assignments for lpm_add_sub:Add0|addcore:adder ;
+---------------------------+-------+------+------------+
; Assignment                ; Value ; From ; To         ;
+---------------------------+-------+------+------------+
; SUPPRESS_DA_RULE_INTERNAL ; A103  ; -    ; -          ;
+---------------------------+-------+------+------------+


+------------------------------------------------------------------------+
; Source assignments for lpm_add_sub:Add0|addcore:adder|addcore:adder[0] ;
+---------------------------+-------+------+-----------------------------+
; Assignment                ; Value ; From ; To                          ;
+---------------------------+-------+------+-----------------------------+
; SUPPRESS_DA_RULE_INTERNAL ; A103  ; -    ; -                           ;
+---------------------------+-------+------+-----------------------------+


+------------------------------------------------------------------------+
; Parameter Settings for User Entity Instance: Top-level Entity: |clocka ;
+----------------+-------+-----------------------------------------------+
; Parameter Name ; Value ; Type                                          ;
+----------------+-------+-----------------------------------------------+
; FREQ_C1        ; 190   ; Signed Integer                                ;
; FREQ_D1        ; 170   ; Signed Integer                                ;
; FREQ_E1        ; 152   ; Signed Integer                                ;
; FREQ_F1        ; 143   ; Signed Integer                                ;
; FREQ_G1        ; 128   ; Signed Integer                                ;
; FREQ_A1        ; 114   ; Signed Integer                                ;
; FREQ_B1        ; 101   ; Signed Integer                                ;
; FREQ_C2        ; 96    ; Signed Integer                                ;
+----------------+-------+-----------------------------------------------+
Note: In order to hide this table in the UI and the text report file, please set the "Show Parameter Settings Tables in Synthesis Report" option in "Analysis and Synthesis Settings -> More Settings" to "Off".


+-------------------------------------------------------------------+
; Parameter Settings for Inferred Entity Instance: lpm_add_sub:Add5 ;
+------------------------+-------------+----------------------------+
; Parameter Name         ; Value       ; Type                       ;
+------------------------+-------------+----------------------------+
; LPM_WIDTH              ; 4           ; Untyped                    ;
; LPM_REPRESENTATION     ; UNSIGNED    ; Untyped                    ;
; LPM_DIRECTION          ; ADD         ; Untyped                    ;
; ONE_INPUT_IS_CONSTANT  ; NO          ; Untyped                    ;
; LPM_PIPELINE           ; 0           ; Untyped                    ;
; MAXIMIZE_SPEED         ; 5           ; Untyped                    ;
; REGISTERED_AT_END      ; 0           ; Untyped                    ;
; OPTIMIZE_FOR_SPEED     ; 9           ; Untyped                    ;
; USE_CS_BUFFERS         ; 1           ; Untyped                    ;
; CARRY_CHAIN            ; MANUAL      ; Untyped                    ;
; CARRY_CHAIN_LENGTH     ; 48          ; CARRY_CHAIN_LENGTH         ;
; DEVICE_FAMILY          ; MAX7000S    ; Untyped                    ;
; USE_WYS                ; OFF         ; Untyped                    ;
; STYLE                  ; FAST        ; Untyped                    ;
; CBXI_PARAMETER         ; add_sub_3kh ; Untyped                    ;
; AUTO_CARRY_CHAINS      ; ON          ; AUTO_CARRY                 ;
; IGNORE_CARRY_BUFFERS   ; OFF         ; IGNORE_CARRY               ;
; AUTO_CASCADE_CHAINS    ; ON          ; AUTO_CASCADE               ;
; IGNORE_CASCADE_BUFFERS ; OFF         ; IGNORE_CASCADE             ;
+------------------------+-------------+----------------------------+
Note: In order to hide this table in the UI and the text report file, please set the "Show Parameter Settings Tables in Synthesis Report" option in "Analysis and Synthesis Settings -> More Settings" to "Off".


+-------------------------------------------------------------------+
; Parameter Settings for Inferred Entity Instance: lpm_add_sub:Add3 ;
+------------------------+-------------+----------------------------+
; Parameter Name         ; Value       ; Type                       ;
+------------------------+-------------+----------------------------+
; LPM_WIDTH              ; 4           ; Untyped                    ;
; LPM_REPRESENTATION     ; UNSIGNED    ; Untyped                    ;
; LPM_DIRECTION          ; ADD         ; Untyped                    ;
; ONE_INPUT_IS_CONSTANT  ; NO          ; Untyped                    ;
; LPM_PIPELINE           ; 0           ; Untyped                    ;
; MAXIMIZE_SPEED         ; 5           ; Untyped                    ;
; REGISTERED_AT_END      ; 0           ; Untyped                    ;
; OPTIMIZE_FOR_SPEED     ; 9           ; Untyped                    ;
; USE_CS_BUFFERS         ; 1           ; Untyped                    ;
; CARRY_CHAIN            ; MANUAL      ; Untyped                    ;
; CARRY_CHAIN_LENGTH     ; 48          ; CARRY_CHAIN_LENGTH         ;
; DEVICE_FAMILY          ; MAX7000S    ; Untyped                    ;
; USE_WYS                ; OFF         ; Untyped                    ;
; STYLE                  ; FAST        ; Untyped                    ;
; CBXI_PARAMETER         ; add_sub_3kh ; Untyped                    ;
; AUTO_CARRY_CHAINS      ; ON          ; AUTO_CARRY                 ;
; IGNORE_CARRY_BUFFERS   ; OFF         ; IGNORE_CARRY               ;
; AUTO_CASCADE_CHAINS    ; ON          ; AUTO_CASCADE               ;
; IGNORE_CASCADE_BUFFERS ; OFF         ; IGNORE_CASCADE             ;
+------------------------+-------------+----------------------------+
Note: In order to hide this table in the UI and the text report file, please set the "Show Parameter Settings Tables in Synthesis Report" option in "Analysis and Synthesis Settings -> More Settings" to "Off".


+-------------------------------------------------------------------+
; Parameter Settings for Inferred Entity Instance: lpm_add_sub:Add1 ;
+------------------------+-------------+----------------------------+
; Parameter Name         ; Value       ; Type                       ;
+------------------------+-------------+----------------------------+
; LPM_WIDTH              ; 4           ; Untyped                    ;
; LPM_REPRESENTATION     ; UNSIGNED    ; Untyped                    ;
; LPM_DIRECTION          ; ADD         ; Untyped                    ;
; ONE_INPUT_IS_CONSTANT  ; NO          ; Untyped                    ;
; LPM_PIPELINE           ; 0           ; Untyped                    ;
; MAXIMIZE_SPEED         ; 5           ; Untyped                    ;
; REGISTERED_AT_END      ; 0           ; Untyped                    ;
; OPTIMIZE_FOR_SPEED     ; 9           ; Untyped                    ;
; USE_CS_BUFFERS         ; 1           ; Untyped                    ;
; CARRY_CHAIN            ; MANUAL      ; Untyped                    ;
; CARRY_CHAIN_LENGTH     ; 48          ; CARRY_CHAIN_LENGTH         ;
; DEVICE_FAMILY          ; MAX7000S    ; Untyped                    ;
; USE_WYS                ; OFF         ; Untyped                    ;
; STYLE                  ; FAST        ; Untyped                    ;
; CBXI_PARAMETER         ; add_sub_3kh ; Untyped                    ;
; AUTO_CARRY_CHAINS      ; ON          ; AUTO_CARRY                 ;
; IGNORE_CARRY_BUFFERS   ; OFF         ; IGNORE_CARRY               ;
; AUTO_CASCADE_CHAINS    ; ON          ; AUTO_CASCADE               ;
; IGNORE_CASCADE_BUFFERS ; OFF         ; IGNORE_CASCADE             ;
+------------------------+-------------+----------------------------+
Note: In order to hide this table in the UI and the text report file, please set the "Show Parameter Settings Tables in Synthesis Report" option in "Analysis and Synthesis Settings -> More Settings" to "Off".


+-------------------------------------------------------------------+
; Parameter Settings for Inferred Entity Instance: lpm_add_sub:Add0 ;
+------------------------+-------------+----------------------------+
; Parameter Name         ; Value       ; Type                       ;
+------------------------+-------------+----------------------------+
; LPM_WIDTH              ; 7           ; Untyped                    ;
; LPM_REPRESENTATION     ; UNSIGNED    ; Untyped                    ;
; LPM_DIRECTION          ; ADD         ; Untyped                    ;
; ONE_INPUT_IS_CONSTANT  ; YES         ; Untyped                    ;
; LPM_PIPELINE           ; 0           ; Untyped                    ;
; MAXIMIZE_SPEED         ; 5           ; Untyped                    ;
; REGISTERED_AT_END      ; 0           ; Untyped                    ;
; OPTIMIZE_FOR_SPEED     ; 9           ; Untyped                    ;
; USE_CS_BUFFERS         ; 1           ; Untyped                    ;
; CARRY_CHAIN            ; MANUAL      ; Untyped                    ;
; CARRY_CHAIN_LENGTH     ; 48          ; CARRY_CHAIN_LENGTH         ;
; DEVICE_FAMILY          ; MAX7000S    ; Untyped                    ;
; USE_WYS                ; OFF         ; Untyped                    ;
; STYLE                  ; FAST        ; Untyped                    ;
; CBXI_PARAMETER         ; add_sub_qnh ; Untyped                    ;
; AUTO_CARRY_CHAINS      ; ON          ; AUTO_CARRY                 ;
; IGNORE_CARRY_BUFFERS   ; OFF         ; IGNORE_CARRY               ;
; AUTO_CASCADE_CHAINS    ; ON          ; AUTO_CASCADE               ;
; IGNORE_CASCADE_BUFFERS ; OFF         ; IGNORE_CASCADE             ;
+------------------------+-------------+----------------------------+
Note: In order to hide this table in the UI and the text report file, please set the "Show Parameter Settings Tables in Synthesis Report" option in "Analysis and Synthesis Settings -> More Settings" to "Off".


+-------------------------------+
; Analysis & Synthesis Messages ;
+-------------------------------+
Info: *******************************************************************
Info: Running Quartus II Analysis & Synthesis
    Info: Version 9.1 Build 222 10/21/2009 SJ Full Version
    Info: Processing started: Tue Jan 01 03:53:19 2013
Info: Command: quartus_map --read_settings_files=on --write_settings_files=off clocka -c clocka
Info: Parallel compilation is enabled and will use 4 of the 4 processors detected
Info: Found 1 design units, including 1 entities, in source file clocka.v
    Info: Found entity 1: clocka
Info: Elaborating entity "clocka" for the top level hierarchy
Warning (10230): Verilog HDL assignment warning at clocka.v(35): truncated value with size 32 to match size of target (7)
Warning (10230): Verilog HDL assignment warning at clocka.v(74): truncated value with size 32 to match size of target (4)
Warning (10230): Verilog HDL assignment warning at clocka.v(77): truncated value with size 32 to match size of target (4)
Warning (10230): Verilog HDL assignment warning at clocka.v(85): truncated value with size 32 to match size of target (4)
Warning (10230): Verilog HDL assignment warning at clocka.v(88): truncated value with size 32 to match size of target (4)
Warning (10230): Verilog HDL assignment warning at clocka.v(95): truncated value with size 32 to match size of target (4)
Warning (10230): Verilog HDL assignment warning at clocka.v(98): truncated value with size 32 to match size of target (4)
Warning (10230): Verilog HDL assignment warning at clocka.v(104): truncated value with size 32 to match size of target (3)
Warning (10230): Verilog HDL assignment warning at clocka.v(114): truncated value with size 32 to match size of target (4)
Warning (10230): Verilog HDL assignment warning at clocka.v(120): truncated value with size 32 to match size of target (4)
Warning (10230): Verilog HDL assignment warning at clocka.v(126): truncated value with size 32 to match size of target (4)
Warning (10230): Verilog HDL assignment warning at clocka.v(132): truncated value with size 32 to match size of target (4)
Warning (10230): Verilog HDL assignment warning at clocka.v(138): truncated value with size 32 to match size of target (4)
Warning (10230): Verilog HDL assignment warning at clocka.v(144): truncated value with size 32 to match size of target (4)
Info: Inferred 4 megafunctions from design logic
    Info: Inferred adder/subtractor megafunction ("lpm_add_sub") from the following logic: "Add5"
    Info: Inferred adder/subtractor megafunction ("lpm_add_sub") from the following logic: "Add3"
    Info: Inferred adder/subtractor megafunction ("lpm_add_sub") from the following logic: "Add1"
    Info: Inferred adder/subtractor megafunction ("lpm_add_sub") from the following logic: "Add0"
Info: Elaborated megafunction instantiation "lpm_add_sub:Add5"
Info: Instantiated megafunction "lpm_add_sub:Add5" with the following parameter:
    Info: Parameter "LPM_WIDTH" = "4"
    Info: Parameter "LPM_DIRECTION" = "ADD"
    Info: Parameter "LPM_REPRESENTATION" = "UNSIGNED"
    Info: Parameter "ONE_INPUT_IS_CONSTANT" = "NO"
Info: Elaborated megafunction instantiation "lpm_add_sub:Add5|addcore:adder", which is child of megafunction instantiation "lpm_add_sub:Add5"
Info: Elaborated megafunction instantiation "lpm_add_sub:Add5|addcore:adder|a_csnbuffer:oflow_node", which is child of megafunction instantiation "lpm_add_sub:Add5"
Info: Elaborated megafunction instantiation "lpm_add_sub:Add5|addcore:adder|a_csnbuffer:result_node", which is child of megafunction instantiation "lpm_add_sub:Add5"
Info: Elaborated megafunction instantiation "lpm_add_sub:Add5|addcore:adder|addcore:adder[0]", which is child of megafunction instantiation "lpm_add_sub:Add5"
Info: Elaborated megafunction instantiation "lpm_add_sub:Add5|addcore:adder|addcore:adder[0]|a_csnbuffer:oflow_node", which is child of megafunction instantiation "lpm_add_sub:Add5"
Info: Elaborated megafunction instantiation "lpm_add_sub:Add5|addcore:adder|addcore:adder[0]|a_csnbuffer:result_node", which is child of megafunction instantiation "lpm_add_sub:Add5"
Info: Elaborated megafunction instantiation "lpm_add_sub:Add5|altshift:result_ext_latency_ffs", which is child of megafunction instantiation "lpm_add_sub:Add5"
Info: Elaborated megafunction instantiation "lpm_add_sub:Add5|altshift:carry_ext_latency_ffs", which is child of megafunction instantiation "lpm_add_sub:Add5"
Info: Elaborated megafunction instantiation "lpm_add_sub:Add0"
Info: Instantiated megafunction "lpm_add_sub:Add0" with the following parameter:
    Info: Parameter "LPM_WIDTH" = "7"
    Info: Parameter "LPM_DIRECTION" = "ADD"
    Info: Parameter "LPM_REPRESENTATION" = "UNSIGNED"
    Info: Parameter "ONE_INPUT_IS_CONSTANT" = "YES"
Info: Elaborated megafunction instantiation "lpm_add_sub:Add0|addcore:adder", which is child of megafunction instantiation "lpm_add_sub:Add0"
Info: Elaborated megafunction instantiation "lpm_add_sub:Add0|addcore:adder|a_csnbuffer:oflow_node", which is child of megafunction instantiation "lpm_add_sub:Add0"
Info: Elaborated megafunction instantiation "lpm_add_sub:Add0|addcore:adder|a_csnbuffer:result_node", which is child of megafunction instantiation "lpm_add_sub:Add0"
Info: Elaborated megafunction instantiation "lpm_add_sub:Add0|addcore:adder|addcore:adder[0]", which is child of megafunction instantiation "lpm_add_sub:Add0"
Info: Elaborated megafunction instantiation "lpm_add_sub:Add0|altshift:result_ext_latency_ffs", which is child of megafunction instantiation "lpm_add_sub:Add0"
Info: Ignored 17 buffer(s)
    Info: Ignored 17 SOFT buffer(s)
Info: Implemented 246 device resources after synthesis - the final resource count might be different
    Info: Implemented 7 input pins
    Info: Implemented 28 output pins
    Info: Implemented 119 macrocells
    Info: Implemented 92 shareable expanders
Info: Generated suppressed messages file C:/Users/Administrator/Desktop/clocka/clocka.map.smsg
Info: Quartus II Analysis & Synthesis was successful. 0 errors, 14 warnings
    Info: Peak virtual memory: 195 megabytes
    Info: Processing ended: Tue Jan 01 03:53:22 2013
    Info: Elapsed time: 00:00:03
    Info: Total CPU time (on all processors): 00:00:02


+------------------------------------------+
; Analysis & Synthesis Suppressed Messages ;
+------------------------------------------+
The suppressed messages can be found in C:/Users/Administrator/Desktop/clocka/clocka.map.smsg.


